<?xml version="1.0" encoding="UTF-8"?>
<!-- Generated by org.testng.reporters.JUnitReportReporter -->
<testsuite hostname="DESKTOP-LRHHJH0" failures="0" tests="1" name="com.OrangeHRM.TestScript.OrganisationModule" time="71.736" errors="0" timestamp="11 Feb 2021 09:13:43 GMT" skipped="0">
  <testcase classname="com.OrangeHRM.TestScript.OrganisationModule" name="testOrganizationModule" time="71.736"/>
</testsuite> <!-- com.OrangeHRM.TestScript.OrganisationModule -->
